<?xml version="1.0" encoding="UTF-8"?>
<testsuite xmlns:xsi="http://www.w3.org/2001/XMLSchema-instance" xsi:noNamespaceSchemaLocation="https://maven.apache.org/surefire/maven-surefire-plugin/xsd/surefire-test-report.xsd" name="sorting.bead_sort.BeadSortTest" time="48.028" tests="9" errors="0" skipped="0" failures="0">
  <properties>
[...]
</properties>
  <testcase name="beadSort_inc{int}[1]" classname="sorting.bead_sort.BeadSortTest" time="0.047"/>
  <testcase name="beadSort_inc{int}[2]" classname="sorting.bead_sort.BeadSortTest" time="0.018"/>
  <testcase name="beadSort_inc{int}[3]" classname="sorting.bead_sort.BeadSortTest" time="16.757"/>
  <testcase name="beadSort_desc{int}[1]" classname="sorting.bead_sort.BeadSortTest" time="0.001"/>
  <testcase name="beadSort_desc{int}[2]" classname="sorting.bead_sort.BeadSortTest" time="0.005"/>
  <testcase name="beadSort_desc{int}[3]" classname="sorting.bead_sort.BeadSortTest" time="15.228"/>
  <testcase name="beadSort_rand{int}[1]" classname="sorting.bead_sort.BeadSortTest" time="0.001"/>
  <testcase name="beadSort_rand{int}[2]" classname="sorting.bead_sort.BeadSortTest" time="0.006"/>
  <testcase name="beadSort_rand{int}[3]" classname="sorting.bead_sort.BeadSortTest" time="15.914"/>
</testsuite>